2023-10-17 08:48:17.651  INFO 7560 --- [restartedMain] t.T.TestingPostgresConnectionApplication : Starting TestingPostgresConnectionApplication using Java 17.0.8 on LAPTOP-SKI0L2KK with PID 7560 (E:\Spring boot\Intern Viettel\TestingPostgresConnection - Copy\target\classes started by FPT in E:\Spring boot\Intern Viettel\TestingPostgresConnection - Copy)
2023-10-17 08:48:17.655  INFO 7560 --- [restartedMain] t.T.TestingPostgresConnectionApplication : The following 1 profile is active: "local"
2023-10-17 08:48:17.710  INFO 7560 --- [restartedMain] .e.DevToolsPropertyDefaultsPostProcessor : Devtools property defaults active! Set 'spring.devtools.add-properties' to 'false' to disable
2023-10-17 08:48:17.711  INFO 7560 --- [restartedMain] .e.DevToolsPropertyDefaultsPostProcessor : For additional web related logging consider setting the 'logging.level.web' property to 'DEBUG'
2023-10-17 08:48:18.361  INFO 7560 --- [restartedMain] .s.d.r.c.RepositoryConfigurationDelegate : Bootstrapping Spring Data JPA repositories in DEFAULT mode.
2023-10-17 08:48:18.501  INFO 7560 --- [restartedMain] .s.d.r.c.RepositoryConfigurationDelegate : Finished Spring Data repository scanning in 132 ms. Found 2 JPA repository interfaces.
2023-10-17 08:48:19.163  INFO 7560 --- [restartedMain] o.s.b.w.embedded.tomcat.TomcatWebServer  : Tomcat initialized with port(s): 8080 (http)
2023-10-17 08:48:19.174  INFO 7560 --- [restartedMain] o.apache.catalina.core.StandardService   : Starting service [Tomcat]
2023-10-17 08:48:19.174  INFO 7560 --- [restartedMain] org.apache.catalina.core.StandardEngine  : Starting Servlet engine: [Apache Tomcat/9.0.79]
2023-10-17 08:48:19.264  INFO 7560 --- [restartedMain] o.a.c.c.C.[Tomcat].[localhost].[/]       : Initializing Spring embedded WebApplicationContext
2023-10-17 08:48:19.264  INFO 7560 --- [restartedMain] w.s.c.ServletWebServerApplicationContext : Root WebApplicationContext: initialization completed in 1552 ms
2023-10-17 08:48:19.515  INFO 7560 --- [restartedMain] com.zaxxer.hikari.HikariDataSource       : HikariPool-1 - Starting...
2023-10-17 08:48:19.689  INFO 7560 --- [restartedMain] com.zaxxer.hikari.HikariDataSource       : HikariPool-1 - Start completed.
2023-10-17 08:48:19.839  INFO 7560 --- [restartedMain] liquibase.database                       : Set default schema name to public
2023-10-17 08:48:19.948  INFO 7560 --- [restartedMain] liquibase.lockservice                    : Successfully acquired change log lock
2023-10-17 08:48:20.406  INFO 7560 --- [restartedMain] liquibase.changelog                      : Reading from public.databasechangelog
2023-10-17 08:48:20.442  INFO 7560 --- [restartedMain] liquibase.lockservice                    : Successfully released change log lock
2023-10-17 08:48:20.542  INFO 7560 --- [restartedMain] o.hibernate.jpa.internal.util.LogHelper  : HHH000204: Processing PersistenceUnitInfo [name: default]
2023-10-17 08:48:20.599  INFO 7560 --- [restartedMain] org.hibernate.Version                    : HHH000412: Hibernate ORM core version 5.6.15.Final
2023-10-17 08:48:20.770  INFO 7560 --- [restartedMain] o.hibernate.annotations.common.Version   : HCANN000001: Hibernate Commons Annotations {5.1.2.Final}
2023-10-17 08:48:20.863  INFO 7560 --- [restartedMain] org.hibernate.dialect.Dialect            : HHH000400: Using dialect: org.hibernate.dialect.PostgreSQLDialect
2023-10-17 08:48:21.333  INFO 7560 --- [restartedMain] o.h.e.t.j.p.i.JtaPlatformInitiator       : HHH000490: Using JtaPlatform implementation: [org.hibernate.engine.transaction.jta.platform.internal.NoJtaPlatform]
2023-10-17 08:48:21.339  INFO 7560 --- [restartedMain] j.LocalContainerEntityManagerFactoryBean : Initialized JPA EntityManagerFactory for persistence unit 'default'
2023-10-17 08:48:21.738  WARN 7560 --- [restartedMain] JpaBaseConfiguration$JpaWebConfiguration : spring.jpa.open-in-view is enabled by default. Therefore, database queries may be performed during view rendering. Explicitly configure spring.jpa.open-in-view to disable this warning
2023-10-17 08:48:22.362  INFO 7560 --- [restartedMain] s.b.a.g.s.GraphQlWebMvcAutoConfiguration : GraphQL endpoint HTTP POST /graphql
2023-10-17 08:48:22.489  INFO 7560 --- [restartedMain] o.s.b.d.a.OptionalLiveReloadServer       : LiveReload server is running on port 35729
2023-10-17 08:48:22.506  WARN 7560 --- [restartedMain] ConfigServletWebServerApplicationContext : Exception encountered during context initialization - cancelling refresh attempt: org.springframework.context.ApplicationContextException: Failed to start bean 'webServerStartStop'; nested exception is org.springframework.boot.web.server.PortInUseException: Port 8080 is already in use
2023-10-17 08:48:22.508  INFO 7560 --- [restartedMain] j.LocalContainerEntityManagerFactoryBean : Closing JPA EntityManagerFactory for persistence unit 'default'
2023-10-17 08:48:22.510  INFO 7560 --- [restartedMain] com.zaxxer.hikari.HikariDataSource       : HikariPool-1 - Shutdown initiated...
2023-10-17 08:48:22.515  INFO 7560 --- [restartedMain] com.zaxxer.hikari.HikariDataSource       : HikariPool-1 - Shutdown completed.
2023-10-17 08:48:22.518  INFO 7560 --- [restartedMain] o.apache.catalina.core.StandardService   : Stopping service [Tomcat]
2023-10-17 08:48:22.528  INFO 7560 --- [restartedMain] ConditionEvaluationReportLoggingListener : 

Error starting ApplicationContext. To display the conditions report re-run your application with 'debug' enabled.
2023-10-17 08:48:22.543 ERROR 7560 --- [restartedMain] o.s.b.d.LoggingFailureAnalysisReporter   : 

***************************
APPLICATION FAILED TO START
***************************

Description:

Web server failed to start. Port 8080 was already in use.

Action:

Identify and stop the process that's listening on port 8080 or configure this application to listen on another port.

2023-10-17 08:52:19.166  INFO 8008 --- [restartedMain] t.T.TestingPostgresConnectionApplication : Starting TestingPostgresConnectionApplication using Java 17.0.8 on LAPTOP-SKI0L2KK with PID 8008 (E:\Spring boot\Intern Viettel\TestingPostgresConnection - Copy\target\classes started by FPT in E:\Spring boot\Intern Viettel\TestingPostgresConnection - Copy)
2023-10-17 08:52:19.171  INFO 8008 --- [restartedMain] t.T.TestingPostgresConnectionApplication : The following 1 profile is active: "local"
2023-10-17 08:52:19.212  INFO 8008 --- [restartedMain] .e.DevToolsPropertyDefaultsPostProcessor : Devtools property defaults active! Set 'spring.devtools.add-properties' to 'false' to disable
2023-10-17 08:52:19.212  INFO 8008 --- [restartedMain] .e.DevToolsPropertyDefaultsPostProcessor : For additional web related logging consider setting the 'logging.level.web' property to 'DEBUG'
2023-10-17 08:52:19.810  INFO 8008 --- [restartedMain] .s.d.r.c.RepositoryConfigurationDelegate : Bootstrapping Spring Data JPA repositories in DEFAULT mode.
2023-10-17 08:52:19.943  INFO 8008 --- [restartedMain] .s.d.r.c.RepositoryConfigurationDelegate : Finished Spring Data repository scanning in 127 ms. Found 2 JPA repository interfaces.
2023-10-17 08:52:20.557  INFO 8008 --- [restartedMain] o.s.b.w.embedded.tomcat.TomcatWebServer  : Tomcat initialized with port(s): 8080 (http)
2023-10-17 08:52:20.566  INFO 8008 --- [restartedMain] o.apache.catalina.core.StandardService   : Starting service [Tomcat]
2023-10-17 08:52:20.567  INFO 8008 --- [restartedMain] org.apache.catalina.core.StandardEngine  : Starting Servlet engine: [Apache Tomcat/9.0.79]
2023-10-17 08:52:20.650  INFO 8008 --- [restartedMain] o.a.c.c.C.[Tomcat].[localhost].[/]       : Initializing Spring embedded WebApplicationContext
2023-10-17 08:52:20.650  INFO 8008 --- [restartedMain] w.s.c.ServletWebServerApplicationContext : Root WebApplicationContext: initialization completed in 1437 ms
2023-10-17 08:52:20.865  INFO 8008 --- [restartedMain] com.zaxxer.hikari.HikariDataSource       : HikariPool-1 - Starting...
2023-10-17 08:52:21.021  INFO 8008 --- [restartedMain] com.zaxxer.hikari.HikariDataSource       : HikariPool-1 - Start completed.
2023-10-17 08:52:21.147  INFO 8008 --- [restartedMain] liquibase.database                       : Set default schema name to public
2023-10-17 08:52:21.232  INFO 8008 --- [restartedMain] liquibase.lockservice                    : Successfully acquired change log lock
2023-10-17 08:52:21.649  INFO 8008 --- [restartedMain] liquibase.changelog                      : Reading from public.databasechangelog
2023-10-17 08:52:21.682  INFO 8008 --- [restartedMain] liquibase.lockservice                    : Successfully released change log lock
2023-10-17 08:52:21.775  INFO 8008 --- [restartedMain] o.hibernate.jpa.internal.util.LogHelper  : HHH000204: Processing PersistenceUnitInfo [name: default]
2023-10-17 08:52:21.813  INFO 8008 --- [restartedMain] org.hibernate.Version                    : HHH000412: Hibernate ORM core version 5.6.15.Final
2023-10-17 08:52:21.945  INFO 8008 --- [restartedMain] o.hibernate.annotations.common.Version   : HCANN000001: Hibernate Commons Annotations {5.1.2.Final}
2023-10-17 08:52:22.023  INFO 8008 --- [restartedMain] org.hibernate.dialect.Dialect            : HHH000400: Using dialect: org.hibernate.dialect.PostgreSQLDialect
2023-10-17 08:52:22.448  INFO 8008 --- [restartedMain] o.h.e.t.j.p.i.JtaPlatformInitiator       : HHH000490: Using JtaPlatform implementation: [org.hibernate.engine.transaction.jta.platform.internal.NoJtaPlatform]
2023-10-17 08:52:22.455  INFO 8008 --- [restartedMain] j.LocalContainerEntityManagerFactoryBean : Initialized JPA EntityManagerFactory for persistence unit 'default'
2023-10-17 08:52:22.835  WARN 8008 --- [restartedMain] JpaBaseConfiguration$JpaWebConfiguration : spring.jpa.open-in-view is enabled by default. Therefore, database queries may be performed during view rendering. Explicitly configure spring.jpa.open-in-view to disable this warning
2023-10-17 08:52:23.397  INFO 8008 --- [restartedMain] s.b.a.g.s.GraphQlWebMvcAutoConfiguration : GraphQL endpoint HTTP POST /graphql
2023-10-17 08:52:23.517  INFO 8008 --- [restartedMain] o.s.b.d.a.OptionalLiveReloadServer       : LiveReload server is running on port 35729
2023-10-17 08:52:23.555  INFO 8008 --- [restartedMain] o.s.b.w.embedded.tomcat.TomcatWebServer  : Tomcat started on port(s): 8080 (http) with context path ''
2023-10-17 08:52:23.565  INFO 8008 --- [restartedMain] t.T.TestingPostgresConnectionApplication : Started TestingPostgresConnectionApplication in 4.802 seconds (JVM running for 5.295)
2023-10-17 08:52:37.960  INFO 8008 --- [http-nio-8080-exec-1] o.a.c.c.C.[Tomcat].[localhost].[/]       : Initializing Spring DispatcherServlet 'dispatcherServlet'
2023-10-17 08:52:37.960  INFO 8008 --- [http-nio-8080-exec-1] o.s.web.servlet.DispatcherServlet        : Initializing Servlet 'dispatcherServlet'
2023-10-17 08:52:37.961  INFO 8008 --- [http-nio-8080-exec-1] o.s.web.servlet.DispatcherServlet        : Completed initialization in 1 ms
2023-10-17 08:59:19.171  INFO 8008 --- [SpringApplicationShutdownHook] j.LocalContainerEntityManagerFactoryBean : Closing JPA EntityManagerFactory for persistence unit 'default'
2023-10-17 08:59:19.175  INFO 8008 --- [SpringApplicationShutdownHook] com.zaxxer.hikari.HikariDataSource       : HikariPool-1 - Shutdown initiated...
2023-10-17 08:59:19.178  INFO 8008 --- [SpringApplicationShutdownHook] com.zaxxer.hikari.HikariDataSource       : HikariPool-1 - Shutdown completed.
2023-10-17 08:59:22.282  INFO 7172 --- [restartedMain] t.T.TestingPostgresConnectionApplication : Starting TestingPostgresConnectionApplication using Java 17.0.8 on LAPTOP-SKI0L2KK with PID 7172 (E:\Spring boot\Intern Viettel\TestingPostgresConnection - Copy\target\classes started by FPT in E:\Spring boot\Intern Viettel\TestingPostgresConnection - Copy)
2023-10-17 08:59:22.283  INFO 7172 --- [restartedMain] t.T.TestingPostgresConnectionApplication : The following 1 profile is active: "local"
2023-10-17 08:59:22.338  INFO 7172 --- [restartedMain] .e.DevToolsPropertyDefaultsPostProcessor : Devtools property defaults active! Set 'spring.devtools.add-properties' to 'false' to disable
2023-10-17 08:59:22.339  INFO 7172 --- [restartedMain] .e.DevToolsPropertyDefaultsPostProcessor : For additional web related logging consider setting the 'logging.level.web' property to 'DEBUG'
2023-10-17 08:59:22.905  INFO 7172 --- [restartedMain] .s.d.r.c.RepositoryConfigurationDelegate : Bootstrapping Spring Data JPA repositories in DEFAULT mode.
2023-10-17 08:59:23.035  INFO 7172 --- [restartedMain] .s.d.r.c.RepositoryConfigurationDelegate : Finished Spring Data repository scanning in 120 ms. Found 2 JPA repository interfaces.
2023-10-17 08:59:23.670  INFO 7172 --- [restartedMain] o.s.b.w.embedded.tomcat.TomcatWebServer  : Tomcat initialized with port(s): 8080 (http)
2023-10-17 08:59:23.680  INFO 7172 --- [restartedMain] o.apache.catalina.core.StandardService   : Starting service [Tomcat]
2023-10-17 08:59:23.680  INFO 7172 --- [restartedMain] org.apache.catalina.core.StandardEngine  : Starting Servlet engine: [Apache Tomcat/9.0.79]
2023-10-17 08:59:23.766  INFO 7172 --- [restartedMain] o.a.c.c.C.[Tomcat].[localhost].[/]       : Initializing Spring embedded WebApplicationContext
2023-10-17 08:59:23.766  INFO 7172 --- [restartedMain] w.s.c.ServletWebServerApplicationContext : Root WebApplicationContext: initialization completed in 1427 ms
2023-10-17 08:59:23.961  INFO 7172 --- [restartedMain] com.zaxxer.hikari.HikariDataSource       : HikariPool-1 - Starting...
2023-10-17 08:59:24.106  INFO 7172 --- [restartedMain] com.zaxxer.hikari.HikariDataSource       : HikariPool-1 - Start completed.
2023-10-17 08:59:24.277  INFO 7172 --- [restartedMain] liquibase.database                       : Set default schema name to public
2023-10-17 08:59:24.401  INFO 7172 --- [restartedMain] liquibase.lockservice                    : Successfully acquired change log lock
2023-10-17 08:59:24.880  INFO 7172 --- [restartedMain] liquibase.changelog                      : Reading from public.databasechangelog
2023-10-17 08:59:24.910  INFO 7172 --- [restartedMain] liquibase.lockservice                    : Successfully released change log lock
2023-10-17 08:59:25.000  INFO 7172 --- [restartedMain] o.hibernate.jpa.internal.util.LogHelper  : HHH000204: Processing PersistenceUnitInfo [name: default]
2023-10-17 08:59:25.040  INFO 7172 --- [restartedMain] org.hibernate.Version                    : HHH000412: Hibernate ORM core version 5.6.15.Final
2023-10-17 08:59:25.182  INFO 7172 --- [restartedMain] o.hibernate.annotations.common.Version   : HCANN000001: Hibernate Commons Annotations {5.1.2.Final}
2023-10-17 08:59:25.272  INFO 7172 --- [restartedMain] org.hibernate.dialect.Dialect            : HHH000400: Using dialect: org.hibernate.dialect.PostgreSQLDialect
2023-10-17 08:59:25.753  INFO 7172 --- [restartedMain] o.h.e.t.j.p.i.JtaPlatformInitiator       : HHH000490: Using JtaPlatform implementation: [org.hibernate.engine.transaction.jta.platform.internal.NoJtaPlatform]
2023-10-17 08:59:25.760  INFO 7172 --- [restartedMain] j.LocalContainerEntityManagerFactoryBean : Initialized JPA EntityManagerFactory for persistence unit 'default'
2023-10-17 08:59:26.181  WARN 7172 --- [restartedMain] JpaBaseConfiguration$JpaWebConfiguration : spring.jpa.open-in-view is enabled by default. Therefore, database queries may be performed during view rendering. Explicitly configure spring.jpa.open-in-view to disable this warning
2023-10-17 08:59:26.719  INFO 7172 --- [restartedMain] s.b.a.g.s.GraphQlWebMvcAutoConfiguration : GraphQL endpoint HTTP POST /graphql
2023-10-17 08:59:26.840  INFO 7172 --- [restartedMain] o.s.b.d.a.OptionalLiveReloadServer       : LiveReload server is running on port 35729
2023-10-17 08:59:26.867  INFO 7172 --- [restartedMain] o.s.b.w.embedded.tomcat.TomcatWebServer  : Tomcat started on port(s): 8080 (http) with context path ''
2023-10-17 08:59:26.876  INFO 7172 --- [restartedMain] t.T.TestingPostgresConnectionApplication : Started TestingPostgresConnectionApplication in 5.031 seconds (JVM running for 5.556)
2023-10-17 08:59:40.645  INFO 7172 --- [http-nio-8080-exec-1] o.a.c.c.C.[Tomcat].[localhost].[/]       : Initializing Spring DispatcherServlet 'dispatcherServlet'
2023-10-17 08:59:40.646  INFO 7172 --- [http-nio-8080-exec-1] o.s.web.servlet.DispatcherServlet        : Initializing Servlet 'dispatcherServlet'
2023-10-17 08:59:40.647  INFO 7172 --- [http-nio-8080-exec-1] o.s.web.servlet.DispatcherServlet        : Completed initialization in 1 ms
2023-10-17 08:59:56.925  INFO 7172 --- [SpringApplicationShutdownHook] j.LocalContainerEntityManagerFactoryBean : Closing JPA EntityManagerFactory for persistence unit 'default'
2023-10-17 08:59:56.929  INFO 7172 --- [SpringApplicationShutdownHook] com.zaxxer.hikari.HikariDataSource       : HikariPool-1 - Shutdown initiated...
2023-10-17 08:59:56.931  INFO 7172 --- [SpringApplicationShutdownHook] com.zaxxer.hikari.HikariDataSource       : HikariPool-1 - Shutdown completed.
2023-10-17 09:00:00.429  INFO 9716 --- [restartedMain] t.T.TestingPostgresConnectionApplication : Starting TestingPostgresConnectionApplication using Java 17.0.8 on LAPTOP-SKI0L2KK with PID 9716 (E:\Spring boot\Intern Viettel\TestingPostgresConnection - Copy\target\classes started by FPT in E:\Spring boot\Intern Viettel\TestingPostgresConnection - Copy)
2023-10-17 09:00:00.431  INFO 9716 --- [restartedMain] t.T.TestingPostgresConnectionApplication : The following 1 profile is active: "local"
2023-10-17 09:00:00.489  INFO 9716 --- [restartedMain] .e.DevToolsPropertyDefaultsPostProcessor : Devtools property defaults active! Set 'spring.devtools.add-properties' to 'false' to disable
2023-10-17 09:00:00.489  INFO 9716 --- [restartedMain] .e.DevToolsPropertyDefaultsPostProcessor : For additional web related logging consider setting the 'logging.level.web' property to 'DEBUG'
2023-10-17 09:00:01.137  INFO 9716 --- [restartedMain] .s.d.r.c.RepositoryConfigurationDelegate : Bootstrapping Spring Data JPA repositories in DEFAULT mode.
2023-10-17 09:00:01.257  INFO 9716 --- [restartedMain] .s.d.r.c.RepositoryConfigurationDelegate : Finished Spring Data repository scanning in 114 ms. Found 2 JPA repository interfaces.
2023-10-17 09:00:01.967  INFO 9716 --- [restartedMain] o.s.b.w.embedded.tomcat.TomcatWebServer  : Tomcat initialized with port(s): 8080 (http)
2023-10-17 09:00:01.978  INFO 9716 --- [restartedMain] o.apache.catalina.core.StandardService   : Starting service [Tomcat]
2023-10-17 09:00:01.978  INFO 9716 --- [restartedMain] org.apache.catalina.core.StandardEngine  : Starting Servlet engine: [Apache Tomcat/9.0.79]
2023-10-17 09:00:02.072  INFO 9716 --- [restartedMain] o.a.c.c.C.[Tomcat].[localhost].[/]       : Initializing Spring embedded WebApplicationContext
2023-10-17 09:00:02.072  INFO 9716 --- [restartedMain] w.s.c.ServletWebServerApplicationContext : Root WebApplicationContext: initialization completed in 1583 ms
2023-10-17 09:00:02.297  INFO 9716 --- [restartedMain] com.zaxxer.hikari.HikariDataSource       : HikariPool-1 - Starting...
2023-10-17 09:00:02.456  INFO 9716 --- [restartedMain] com.zaxxer.hikari.HikariDataSource       : HikariPool-1 - Start completed.
2023-10-17 09:00:02.583  INFO 9716 --- [restartedMain] liquibase.database                       : Set default schema name to public
2023-10-17 09:00:02.679  INFO 9716 --- [restartedMain] liquibase.lockservice                    : Successfully acquired change log lock
2023-10-17 09:00:03.139  INFO 9716 --- [restartedMain] liquibase.changelog                      : Reading from public.databasechangelog
2023-10-17 09:00:03.177  INFO 9716 --- [restartedMain] liquibase.lockservice                    : Successfully released change log lock
2023-10-17 09:00:03.285  INFO 9716 --- [restartedMain] o.hibernate.jpa.internal.util.LogHelper  : HHH000204: Processing PersistenceUnitInfo [name: default]
2023-10-17 09:00:03.339  INFO 9716 --- [restartedMain] org.hibernate.Version                    : HHH000412: Hibernate ORM core version 5.6.15.Final
2023-10-17 09:00:03.532  INFO 9716 --- [restartedMain] o.hibernate.annotations.common.Version   : HCANN000001: Hibernate Commons Annotations {5.1.2.Final}
2023-10-17 09:00:03.620  INFO 9716 --- [restartedMain] org.hibernate.dialect.Dialect            : HHH000400: Using dialect: org.hibernate.dialect.PostgreSQLDialect
2023-10-17 09:00:04.172  INFO 9716 --- [restartedMain] o.h.e.t.j.p.i.JtaPlatformInitiator       : HHH000490: Using JtaPlatform implementation: [org.hibernate.engine.transaction.jta.platform.internal.NoJtaPlatform]
2023-10-17 09:00:04.179  INFO 9716 --- [restartedMain] j.LocalContainerEntityManagerFactoryBean : Initialized JPA EntityManagerFactory for persistence unit 'default'
2023-10-17 09:00:04.585  WARN 9716 --- [restartedMain] JpaBaseConfiguration$JpaWebConfiguration : spring.jpa.open-in-view is enabled by default. Therefore, database queries may be performed during view rendering. Explicitly configure spring.jpa.open-in-view to disable this warning
2023-10-17 09:00:05.216  INFO 9716 --- [restartedMain] s.b.a.g.s.GraphQlWebMvcAutoConfiguration : GraphQL endpoint HTTP POST /graphql
2023-10-17 09:00:05.348  INFO 9716 --- [restartedMain] o.s.b.d.a.OptionalLiveReloadServer       : LiveReload server is running on port 35729
2023-10-17 09:00:05.379  INFO 9716 --- [restartedMain] o.s.b.w.embedded.tomcat.TomcatWebServer  : Tomcat started on port(s): 8080 (http) with context path ''
2023-10-17 09:00:05.390  INFO 9716 --- [restartedMain] t.T.TestingPostgresConnectionApplication : Started TestingPostgresConnectionApplication in 5.436 seconds (JVM running for 5.998)
2023-10-17 09:00:11.967  INFO 9716 --- [http-nio-8080-exec-1] o.a.c.c.C.[Tomcat].[localhost].[/]       : Initializing Spring DispatcherServlet 'dispatcherServlet'
2023-10-17 09:00:11.968  INFO 9716 --- [http-nio-8080-exec-1] o.s.web.servlet.DispatcherServlet        : Initializing Servlet 'dispatcherServlet'
2023-10-17 09:00:11.969  INFO 9716 --- [http-nio-8080-exec-1] o.s.web.servlet.DispatcherServlet        : Completed initialization in 1 ms
2023-10-17 09:00:34.400  INFO 9716 --- [SpringApplicationShutdownHook] j.LocalContainerEntityManagerFactoryBean : Closing JPA EntityManagerFactory for persistence unit 'default'
2023-10-17 09:00:34.402  INFO 9716 --- [SpringApplicationShutdownHook] com.zaxxer.hikari.HikariDataSource       : HikariPool-1 - Shutdown initiated...
2023-10-17 09:00:34.409  INFO 9716 --- [SpringApplicationShutdownHook] com.zaxxer.hikari.HikariDataSource       : HikariPool-1 - Shutdown completed.
2023-10-17 09:00:37.485  INFO 12364 --- [restartedMain] t.T.TestingPostgresConnectionApplication : Starting TestingPostgresConnectionApplication using Java 17.0.8 on LAPTOP-SKI0L2KK with PID 12364 (E:\Spring boot\Intern Viettel\TestingPostgresConnection - Copy\target\classes started by FPT in E:\Spring boot\Intern Viettel\TestingPostgresConnection - Copy)
2023-10-17 09:00:37.486  INFO 12364 --- [restartedMain] t.T.TestingPostgresConnectionApplication : The following 1 profile is active: "local"
2023-10-17 09:00:37.530  INFO 12364 --- [restartedMain] .e.DevToolsPropertyDefaultsPostProcessor : Devtools property defaults active! Set 'spring.devtools.add-properties' to 'false' to disable
2023-10-17 09:00:37.530  INFO 12364 --- [restartedMain] .e.DevToolsPropertyDefaultsPostProcessor : For additional web related logging consider setting the 'logging.level.web' property to 'DEBUG'
2023-10-17 09:00:38.076  INFO 12364 --- [restartedMain] .s.d.r.c.RepositoryConfigurationDelegate : Bootstrapping Spring Data JPA repositories in DEFAULT mode.
2023-10-17 09:00:38.197  INFO 12364 --- [restartedMain] .s.d.r.c.RepositoryConfigurationDelegate : Finished Spring Data repository scanning in 110 ms. Found 2 JPA repository interfaces.
2023-10-17 09:00:38.809  INFO 12364 --- [restartedMain] o.s.b.w.embedded.tomcat.TomcatWebServer  : Tomcat initialized with port(s): 8080 (http)
2023-10-17 09:00:38.821  INFO 12364 --- [restartedMain] o.apache.catalina.core.StandardService   : Starting service [Tomcat]
2023-10-17 09:00:38.821  INFO 12364 --- [restartedMain] org.apache.catalina.core.StandardEngine  : Starting Servlet engine: [Apache Tomcat/9.0.79]
2023-10-17 09:00:38.906  INFO 12364 --- [restartedMain] o.a.c.c.C.[Tomcat].[localhost].[/]       : Initializing Spring embedded WebApplicationContext
2023-10-17 09:00:38.907  INFO 12364 --- [restartedMain] w.s.c.ServletWebServerApplicationContext : Root WebApplicationContext: initialization completed in 1377 ms
2023-10-17 09:00:39.108  INFO 12364 --- [restartedMain] com.zaxxer.hikari.HikariDataSource       : HikariPool-1 - Starting...
2023-10-17 09:00:39.262  INFO 12364 --- [restartedMain] com.zaxxer.hikari.HikariDataSource       : HikariPool-1 - Start completed.
2023-10-17 09:00:39.391  INFO 12364 --- [restartedMain] liquibase.database                       : Set default schema name to public
2023-10-17 09:00:39.478  INFO 12364 --- [restartedMain] liquibase.lockservice                    : Successfully acquired change log lock
2023-10-17 09:00:39.867  INFO 12364 --- [restartedMain] liquibase.changelog                      : Reading from public.databasechangelog
2023-10-17 09:00:39.898  INFO 12364 --- [restartedMain] liquibase.lockservice                    : Successfully released change log lock
2023-10-17 09:00:39.993  INFO 12364 --- [restartedMain] o.hibernate.jpa.internal.util.LogHelper  : HHH000204: Processing PersistenceUnitInfo [name: default]
2023-10-17 09:00:40.043  INFO 12364 --- [restartedMain] org.hibernate.Version                    : HHH000412: Hibernate ORM core version 5.6.15.Final
2023-10-17 09:00:40.200  INFO 12364 --- [restartedMain] o.hibernate.annotations.common.Version   : HCANN000001: Hibernate Commons Annotations {5.1.2.Final}
2023-10-17 09:00:40.285  INFO 12364 --- [restartedMain] org.hibernate.dialect.Dialect            : HHH000400: Using dialect: org.hibernate.dialect.PostgreSQLDialect
2023-10-17 09:00:40.755  INFO 12364 --- [restartedMain] o.h.e.t.j.p.i.JtaPlatformInitiator       : HHH000490: Using JtaPlatform implementation: [org.hibernate.engine.transaction.jta.platform.internal.NoJtaPlatform]
2023-10-17 09:00:40.762  INFO 12364 --- [restartedMain] j.LocalContainerEntityManagerFactoryBean : Initialized JPA EntityManagerFactory for persistence unit 'default'
2023-10-17 09:00:41.130  WARN 12364 --- [restartedMain] JpaBaseConfiguration$JpaWebConfiguration : spring.jpa.open-in-view is enabled by default. Therefore, database queries may be performed during view rendering. Explicitly configure spring.jpa.open-in-view to disable this warning
2023-10-17 09:00:41.705  INFO 12364 --- [restartedMain] s.b.a.g.s.GraphQlWebMvcAutoConfiguration : GraphQL endpoint HTTP POST /graphql
2023-10-17 09:00:41.816  INFO 12364 --- [restartedMain] o.s.b.d.a.OptionalLiveReloadServer       : LiveReload server is running on port 35729
2023-10-17 09:00:41.855  INFO 12364 --- [restartedMain] o.s.b.w.embedded.tomcat.TomcatWebServer  : Tomcat started on port(s): 8080 (http) with context path ''
2023-10-17 09:00:41.864  INFO 12364 --- [restartedMain] t.T.TestingPostgresConnectionApplication : Started TestingPostgresConnectionApplication in 4.774 seconds (JVM running for 5.275)
2023-10-17 09:00:45.242  INFO 12364 --- [http-nio-8080-exec-1] o.a.c.c.C.[Tomcat].[localhost].[/]       : Initializing Spring DispatcherServlet 'dispatcherServlet'
2023-10-17 09:00:45.242  INFO 12364 --- [http-nio-8080-exec-1] o.s.web.servlet.DispatcherServlet        : Initializing Servlet 'dispatcherServlet'
2023-10-17 09:00:45.243  INFO 12364 --- [http-nio-8080-exec-1] o.s.web.servlet.DispatcherServlet        : Completed initialization in 1 ms
2023-10-17 09:00:56.074  INFO 12364 --- [SpringApplicationShutdownHook] j.LocalContainerEntityManagerFactoryBean : Closing JPA EntityManagerFactory for persistence unit 'default'
2023-10-17 09:00:56.076  INFO 12364 --- [SpringApplicationShutdownHook] com.zaxxer.hikari.HikariDataSource       : HikariPool-1 - Shutdown initiated...
2023-10-17 09:00:56.080  INFO 12364 --- [SpringApplicationShutdownHook] com.zaxxer.hikari.HikariDataSource       : HikariPool-1 - Shutdown completed.
2023-10-17 09:00:59.203  INFO 2104 --- [restartedMain] t.T.TestingPostgresConnectionApplication : Starting TestingPostgresConnectionApplication using Java 17.0.8 on LAPTOP-SKI0L2KK with PID 2104 (E:\Spring boot\Intern Viettel\TestingPostgresConnection - Copy\target\classes started by FPT in E:\Spring boot\Intern Viettel\TestingPostgresConnection - Copy)
2023-10-17 09:00:59.207  INFO 2104 --- [restartedMain] t.T.TestingPostgresConnectionApplication : The following 1 profile is active: "local"
2023-10-17 09:00:59.250  INFO 2104 --- [restartedMain] .e.DevToolsPropertyDefaultsPostProcessor : Devtools property defaults active! Set 'spring.devtools.add-properties' to 'false' to disable
2023-10-17 09:00:59.250  INFO 2104 --- [restartedMain] .e.DevToolsPropertyDefaultsPostProcessor : For additional web related logging consider setting the 'logging.level.web' property to 'DEBUG'
2023-10-17 09:00:59.786  INFO 2104 --- [restartedMain] .s.d.r.c.RepositoryConfigurationDelegate : Bootstrapping Spring Data JPA repositories in DEFAULT mode.
2023-10-17 09:00:59.905  INFO 2104 --- [restartedMain] .s.d.r.c.RepositoryConfigurationDelegate : Finished Spring Data repository scanning in 111 ms. Found 2 JPA repository interfaces.
2023-10-17 09:01:00.517  INFO 2104 --- [restartedMain] o.s.b.w.embedded.tomcat.TomcatWebServer  : Tomcat initialized with port(s): 8080 (http)
2023-10-17 09:01:00.525  INFO 2104 --- [restartedMain] o.apache.catalina.core.StandardService   : Starting service [Tomcat]
2023-10-17 09:01:00.525  INFO 2104 --- [restartedMain] org.apache.catalina.core.StandardEngine  : Starting Servlet engine: [Apache Tomcat/9.0.79]
2023-10-17 09:01:00.612  INFO 2104 --- [restartedMain] o.a.c.c.C.[Tomcat].[localhost].[/]       : Initializing Spring embedded WebApplicationContext
2023-10-17 09:01:00.612  INFO 2104 --- [restartedMain] w.s.c.ServletWebServerApplicationContext : Root WebApplicationContext: initialization completed in 1362 ms
2023-10-17 09:01:00.806  INFO 2104 --- [restartedMain] com.zaxxer.hikari.HikariDataSource       : HikariPool-1 - Starting...
2023-10-17 09:01:00.951  INFO 2104 --- [restartedMain] com.zaxxer.hikari.HikariDataSource       : HikariPool-1 - Start completed.
2023-10-17 09:01:01.069  INFO 2104 --- [restartedMain] liquibase.database                       : Set default schema name to public
2023-10-17 09:01:01.157  INFO 2104 --- [restartedMain] liquibase.lockservice                    : Successfully acquired change log lock
2023-10-17 09:01:01.554  INFO 2104 --- [restartedMain] liquibase.changelog                      : Reading from public.databasechangelog
2023-10-17 09:01:01.588  INFO 2104 --- [restartedMain] liquibase.lockservice                    : Successfully released change log lock
2023-10-17 09:01:01.683  INFO 2104 --- [restartedMain] o.hibernate.jpa.internal.util.LogHelper  : HHH000204: Processing PersistenceUnitInfo [name: default]
2023-10-17 09:01:01.725  INFO 2104 --- [restartedMain] org.hibernate.Version                    : HHH000412: Hibernate ORM core version 5.6.15.Final
2023-10-17 09:01:01.859  INFO 2104 --- [restartedMain] o.hibernate.annotations.common.Version   : HCANN000001: Hibernate Commons Annotations {5.1.2.Final}
2023-10-17 09:01:01.947  INFO 2104 --- [restartedMain] org.hibernate.dialect.Dialect            : HHH000400: Using dialect: org.hibernate.dialect.PostgreSQLDialect
2023-10-17 09:01:02.397  INFO 2104 --- [restartedMain] o.h.e.t.j.p.i.JtaPlatformInitiator       : HHH000490: Using JtaPlatform implementation: [org.hibernate.engine.transaction.jta.platform.internal.NoJtaPlatform]
2023-10-17 09:01:02.403  INFO 2104 --- [restartedMain] j.LocalContainerEntityManagerFactoryBean : Initialized JPA EntityManagerFactory for persistence unit 'default'
2023-10-17 09:01:02.752  WARN 2104 --- [restartedMain] JpaBaseConfiguration$JpaWebConfiguration : spring.jpa.open-in-view is enabled by default. Therefore, database queries may be performed during view rendering. Explicitly configure spring.jpa.open-in-view to disable this warning
2023-10-17 09:01:03.277  INFO 2104 --- [restartedMain] s.b.a.g.s.GraphQlWebMvcAutoConfiguration : GraphQL endpoint HTTP POST /graphql
2023-10-17 09:01:03.393  INFO 2104 --- [restartedMain] o.s.b.d.a.OptionalLiveReloadServer       : LiveReload server is running on port 35729
2023-10-17 09:01:03.421  INFO 2104 --- [restartedMain] o.s.b.w.embedded.tomcat.TomcatWebServer  : Tomcat started on port(s): 8080 (http) with context path ''
2023-10-17 09:01:03.430  INFO 2104 --- [restartedMain] t.T.TestingPostgresConnectionApplication : Started TestingPostgresConnectionApplication in 4.648 seconds (JVM running for 5.167)
2023-10-17 09:01:03.713  INFO 2104 --- [http-nio-8080-exec-1] o.a.c.c.C.[Tomcat].[localhost].[/]       : Initializing Spring DispatcherServlet 'dispatcherServlet'
2023-10-17 09:01:03.713  INFO 2104 --- [http-nio-8080-exec-1] o.s.web.servlet.DispatcherServlet        : Initializing Servlet 'dispatcherServlet'
2023-10-17 09:01:03.714  INFO 2104 --- [http-nio-8080-exec-1] o.s.web.servlet.DispatcherServlet        : Completed initialization in 1 ms
2023-10-17 09:02:24.797  INFO 2104 --- [SpringApplicationShutdownHook] j.LocalContainerEntityManagerFactoryBean : Closing JPA EntityManagerFactory for persistence unit 'default'
2023-10-17 09:02:24.800  INFO 2104 --- [SpringApplicationShutdownHook] com.zaxxer.hikari.HikariDataSource       : HikariPool-1 - Shutdown initiated...
2023-10-17 09:02:24.804  INFO 2104 --- [SpringApplicationShutdownHook] com.zaxxer.hikari.HikariDataSource       : HikariPool-1 - Shutdown completed.
2023-10-17 09:02:27.892  INFO 11672 --- [restartedMain] t.T.TestingPostgresConnectionApplication : Starting TestingPostgresConnectionApplication using Java 17.0.8 on LAPTOP-SKI0L2KK with PID 11672 (E:\Spring boot\Intern Viettel\TestingPostgresConnection - Copy\target\classes started by FPT in E:\Spring boot\Intern Viettel\TestingPostgresConnection - Copy)
2023-10-17 09:02:27.893  INFO 11672 --- [restartedMain] t.T.TestingPostgresConnectionApplication : The following 1 profile is active: "local"
2023-10-17 09:02:27.939  INFO 11672 --- [restartedMain] .e.DevToolsPropertyDefaultsPostProcessor : Devtools property defaults active! Set 'spring.devtools.add-properties' to 'false' to disable
2023-10-17 09:02:27.940  INFO 11672 --- [restartedMain] .e.DevToolsPropertyDefaultsPostProcessor : For additional web related logging consider setting the 'logging.level.web' property to 'DEBUG'
2023-10-17 09:02:28.513  INFO 11672 --- [restartedMain] .s.d.r.c.RepositoryConfigurationDelegate : Bootstrapping Spring Data JPA repositories in DEFAULT mode.
2023-10-17 09:02:28.631  INFO 11672 --- [restartedMain] .s.d.r.c.RepositoryConfigurationDelegate : Finished Spring Data repository scanning in 110 ms. Found 2 JPA repository interfaces.
2023-10-17 09:02:29.251  INFO 11672 --- [restartedMain] o.s.b.w.embedded.tomcat.TomcatWebServer  : Tomcat initialized with port(s): 8080 (http)
2023-10-17 09:02:29.260  INFO 11672 --- [restartedMain] o.apache.catalina.core.StandardService   : Starting service [Tomcat]
2023-10-17 09:02:29.261  INFO 11672 --- [restartedMain] org.apache.catalina.core.StandardEngine  : Starting Servlet engine: [Apache Tomcat/9.0.79]
2023-10-17 09:02:29.350  INFO 11672 --- [restartedMain] o.a.c.c.C.[Tomcat].[localhost].[/]       : Initializing Spring embedded WebApplicationContext
2023-10-17 09:02:29.350  INFO 11672 --- [restartedMain] w.s.c.ServletWebServerApplicationContext : Root WebApplicationContext: initialization completed in 1410 ms
2023-10-17 09:02:29.566  INFO 11672 --- [restartedMain] com.zaxxer.hikari.HikariDataSource       : HikariPool-1 - Starting...
2023-10-17 09:02:29.726  INFO 11672 --- [restartedMain] com.zaxxer.hikari.HikariDataSource       : HikariPool-1 - Start completed.
2023-10-17 09:02:29.861  INFO 11672 --- [restartedMain] liquibase.database                       : Set default schema name to public
2023-10-17 09:02:29.949  INFO 11672 --- [restartedMain] liquibase.lockservice                    : Successfully acquired change log lock
2023-10-17 09:02:30.396  INFO 11672 --- [restartedMain] liquibase.changelog                      : Reading from public.databasechangelog
2023-10-17 09:02:30.430  INFO 11672 --- [restartedMain] liquibase.lockservice                    : Successfully released change log lock
2023-10-17 09:02:30.531  INFO 11672 --- [restartedMain] o.hibernate.jpa.internal.util.LogHelper  : HHH000204: Processing PersistenceUnitInfo [name: default]
2023-10-17 09:02:30.597  INFO 11672 --- [restartedMain] org.hibernate.Version                    : HHH000412: Hibernate ORM core version 5.6.15.Final
2023-10-17 09:02:30.749  INFO 11672 --- [restartedMain] o.hibernate.annotations.common.Version   : HCANN000001: Hibernate Commons Annotations {5.1.2.Final}
2023-10-17 09:02:30.849  INFO 11672 --- [restartedMain] org.hibernate.dialect.Dialect            : HHH000400: Using dialect: org.hibernate.dialect.PostgreSQLDialect
2023-10-17 09:02:31.300  INFO 11672 --- [restartedMain] o.h.e.t.j.p.i.JtaPlatformInitiator       : HHH000490: Using JtaPlatform implementation: [org.hibernate.engine.transaction.jta.platform.internal.NoJtaPlatform]
2023-10-17 09:02:31.307  INFO 11672 --- [restartedMain] j.LocalContainerEntityManagerFactoryBean : Initialized JPA EntityManagerFactory for persistence unit 'default'
2023-10-17 09:02:31.680  WARN 11672 --- [restartedMain] JpaBaseConfiguration$JpaWebConfiguration : spring.jpa.open-in-view is enabled by default. Therefore, database queries may be performed during view rendering. Explicitly configure spring.jpa.open-in-view to disable this warning
2023-10-17 09:02:32.208  INFO 11672 --- [restartedMain] s.b.a.g.s.GraphQlWebMvcAutoConfiguration : GraphQL endpoint HTTP POST /graphql
2023-10-17 09:02:32.318  INFO 11672 --- [restartedMain] o.s.b.d.a.OptionalLiveReloadServer       : LiveReload server is running on port 35729
2023-10-17 09:02:32.350  INFO 11672 --- [restartedMain] o.s.b.w.embedded.tomcat.TomcatWebServer  : Tomcat started on port(s): 8080 (http) with context path ''
2023-10-17 09:02:32.359  INFO 11672 --- [restartedMain] t.T.TestingPostgresConnectionApplication : Started TestingPostgresConnectionApplication in 4.873 seconds (JVM running for 5.391)
2023-10-17 09:02:35.834  INFO 11672 --- [http-nio-8080-exec-1] o.a.c.c.C.[Tomcat].[localhost].[/]       : Initializing Spring DispatcherServlet 'dispatcherServlet'
2023-10-17 09:02:35.834  INFO 11672 --- [http-nio-8080-exec-1] o.s.web.servlet.DispatcherServlet        : Initializing Servlet 'dispatcherServlet'
2023-10-17 09:02:35.835  INFO 11672 --- [http-nio-8080-exec-1] o.s.web.servlet.DispatcherServlet        : Completed initialization in 1 ms
2023-10-17 09:06:22.947  INFO 11672 --- [SpringApplicationShutdownHook] j.LocalContainerEntityManagerFactoryBean : Closing JPA EntityManagerFactory for persistence unit 'default'
2023-10-17 09:06:22.949  INFO 11672 --- [SpringApplicationShutdownHook] com.zaxxer.hikari.HikariDataSource       : HikariPool-1 - Shutdown initiated...
2023-10-17 09:06:22.953  INFO 11672 --- [SpringApplicationShutdownHook] com.zaxxer.hikari.HikariDataSource       : HikariPool-1 - Shutdown completed.
2023-10-17 09:06:25.197  INFO 21176 --- [restartedMain] t.T.TestingPostgresConnectionApplication : Starting TestingPostgresConnectionApplication using Java 17.0.8 on LAPTOP-SKI0L2KK with PID 21176 (E:\Spring boot\Intern Viettel\TestingPostgresConnection - Copy\target\classes started by FPT in E:\Spring boot\Intern Viettel\TestingPostgresConnection - Copy)
2023-10-17 09:06:25.198  INFO 21176 --- [restartedMain] t.T.TestingPostgresConnectionApplication : The following 1 profile is active: "local"
2023-10-17 09:06:25.236  INFO 21176 --- [restartedMain] .e.DevToolsPropertyDefaultsPostProcessor : Devtools property defaults active! Set 'spring.devtools.add-properties' to 'false' to disable
2023-10-17 09:06:25.236  INFO 21176 --- [restartedMain] .e.DevToolsPropertyDefaultsPostProcessor : For additional web related logging consider setting the 'logging.level.web' property to 'DEBUG'
2023-10-17 09:06:25.773  INFO 21176 --- [restartedMain] .s.d.r.c.RepositoryConfigurationDelegate : Bootstrapping Spring Data JPA repositories in DEFAULT mode.
2023-10-17 09:06:25.889  INFO 21176 --- [restartedMain] .s.d.r.c.RepositoryConfigurationDelegate : Finished Spring Data repository scanning in 108 ms. Found 2 JPA repository interfaces.
2023-10-17 09:06:26.476  INFO 21176 --- [restartedMain] o.s.b.w.embedded.tomcat.TomcatWebServer  : Tomcat initialized with port(s): 8080 (http)
2023-10-17 09:06:26.485  INFO 21176 --- [restartedMain] o.apache.catalina.core.StandardService   : Starting service [Tomcat]
2023-10-17 09:06:26.485  INFO 21176 --- [restartedMain] org.apache.catalina.core.StandardEngine  : Starting Servlet engine: [Apache Tomcat/9.0.79]
2023-10-17 09:06:26.576  INFO 21176 --- [restartedMain] o.a.c.c.C.[Tomcat].[localhost].[/]       : Initializing Spring embedded WebApplicationContext
2023-10-17 09:06:26.576  INFO 21176 --- [restartedMain] w.s.c.ServletWebServerApplicationContext : Root WebApplicationContext: initialization completed in 1339 ms
2023-10-17 09:06:26.769  INFO 21176 --- [restartedMain] com.zaxxer.hikari.HikariDataSource       : HikariPool-1 - Starting...
2023-10-17 09:06:26.925  INFO 21176 --- [restartedMain] com.zaxxer.hikari.HikariDataSource       : HikariPool-1 - Start completed.
2023-10-17 09:06:27.060  INFO 21176 --- [restartedMain] liquibase.database                       : Set default schema name to public
2023-10-17 09:06:27.146  INFO 21176 --- [restartedMain] liquibase.lockservice                    : Successfully acquired change log lock
2023-10-17 09:06:27.541  INFO 21176 --- [restartedMain] liquibase.changelog                      : Reading from public.databasechangelog
2023-10-17 09:06:27.577  INFO 21176 --- [restartedMain] liquibase.lockservice                    : Successfully released change log lock
2023-10-17 09:06:27.677  INFO 21176 --- [restartedMain] o.hibernate.jpa.internal.util.LogHelper  : HHH000204: Processing PersistenceUnitInfo [name: default]
2023-10-17 09:06:27.719  INFO 21176 --- [restartedMain] org.hibernate.Version                    : HHH000412: Hibernate ORM core version 5.6.15.Final
2023-10-17 09:06:27.862  INFO 21176 --- [restartedMain] o.hibernate.annotations.common.Version   : HCANN000001: Hibernate Commons Annotations {5.1.2.Final}
2023-10-17 09:06:27.947  INFO 21176 --- [restartedMain] org.hibernate.dialect.Dialect            : HHH000400: Using dialect: org.hibernate.dialect.PostgreSQLDialect
2023-10-17 09:06:28.405  INFO 21176 --- [restartedMain] o.h.e.t.j.p.i.JtaPlatformInitiator       : HHH000490: Using JtaPlatform implementation: [org.hibernate.engine.transaction.jta.platform.internal.NoJtaPlatform]
2023-10-17 09:06:28.412  INFO 21176 --- [restartedMain] j.LocalContainerEntityManagerFactoryBean : Initialized JPA EntityManagerFactory for persistence unit 'default'
2023-10-17 09:06:28.777  WARN 21176 --- [restartedMain] JpaBaseConfiguration$JpaWebConfiguration : spring.jpa.open-in-view is enabled by default. Therefore, database queries may be performed during view rendering. Explicitly configure spring.jpa.open-in-view to disable this warning
2023-10-17 09:06:29.329  INFO 21176 --- [restartedMain] s.b.a.g.s.GraphQlWebMvcAutoConfiguration : GraphQL endpoint HTTP POST /graphql
2023-10-17 09:06:29.445  INFO 21176 --- [restartedMain] o.s.b.d.a.OptionalLiveReloadServer       : LiveReload server is running on port 35729
2023-10-17 09:06:29.477  INFO 21176 --- [restartedMain] o.s.b.w.embedded.tomcat.TomcatWebServer  : Tomcat started on port(s): 8080 (http) with context path ''
2023-10-17 09:06:29.486  INFO 21176 --- [restartedMain] t.T.TestingPostgresConnectionApplication : Started TestingPostgresConnectionApplication in 4.68 seconds (JVM running for 5.181)
2023-10-17 09:06:32.896  INFO 21176 --- [http-nio-8080-exec-1] o.a.c.c.C.[Tomcat].[localhost].[/]       : Initializing Spring DispatcherServlet 'dispatcherServlet'
2023-10-17 09:06:32.897  INFO 21176 --- [http-nio-8080-exec-1] o.s.web.servlet.DispatcherServlet        : Initializing Servlet 'dispatcherServlet'
2023-10-17 09:06:32.898  INFO 21176 --- [http-nio-8080-exec-1] o.s.web.servlet.DispatcherServlet        : Completed initialization in 1 ms
2023-10-17 09:06:45.872  INFO 21176 --- [SpringApplicationShutdownHook] j.LocalContainerEntityManagerFactoryBean : Closing JPA EntityManagerFactory for persistence unit 'default'
2023-10-17 09:06:45.874  INFO 21176 --- [SpringApplicationShutdownHook] com.zaxxer.hikari.HikariDataSource       : HikariPool-1 - Shutdown initiated...
2023-10-17 09:06:45.877  INFO 21176 --- [SpringApplicationShutdownHook] com.zaxxer.hikari.HikariDataSource       : HikariPool-1 - Shutdown completed.
2023-10-17 09:06:47.671  INFO 18460 --- [restartedMain] t.T.TestingPostgresConnectionApplication : Starting TestingPostgresConnectionApplication using Java 17.0.8 on LAPTOP-SKI0L2KK with PID 18460 (E:\Spring boot\Intern Viettel\TestingPostgresConnection - Copy\target\classes started by FPT in E:\Spring boot\Intern Viettel\TestingPostgresConnection - Copy)
2023-10-17 09:06:47.672  INFO 18460 --- [restartedMain] t.T.TestingPostgresConnectionApplication : The following 1 profile is active: "local"
2023-10-17 09:06:47.711  INFO 18460 --- [restartedMain] .e.DevToolsPropertyDefaultsPostProcessor : Devtools property defaults active! Set 'spring.devtools.add-properties' to 'false' to disable
2023-10-17 09:06:47.711  INFO 18460 --- [restartedMain] .e.DevToolsPropertyDefaultsPostProcessor : For additional web related logging consider setting the 'logging.level.web' property to 'DEBUG'
2023-10-17 09:06:48.282  INFO 18460 --- [restartedMain] .s.d.r.c.RepositoryConfigurationDelegate : Bootstrapping Spring Data JPA repositories in DEFAULT mode.
2023-10-17 09:06:48.405  INFO 18460 --- [restartedMain] .s.d.r.c.RepositoryConfigurationDelegate : Finished Spring Data repository scanning in 113 ms. Found 2 JPA repository interfaces.
2023-10-17 09:06:49.015  INFO 18460 --- [restartedMain] o.s.b.w.embedded.tomcat.TomcatWebServer  : Tomcat initialized with port(s): 8080 (http)
2023-10-17 09:06:49.023  INFO 18460 --- [restartedMain] o.apache.catalina.core.StandardService   : Starting service [Tomcat]
2023-10-17 09:06:49.024  INFO 18460 --- [restartedMain] org.apache.catalina.core.StandardEngine  : Starting Servlet engine: [Apache Tomcat/9.0.79]
2023-10-17 09:06:49.103  INFO 18460 --- [restartedMain] o.a.c.c.C.[Tomcat].[localhost].[/]       : Initializing Spring embedded WebApplicationContext
2023-10-17 09:06:49.104  INFO 18460 --- [restartedMain] w.s.c.ServletWebServerApplicationContext : Root WebApplicationContext: initialization completed in 1391 ms
2023-10-17 09:06:49.311  INFO 18460 --- [restartedMain] com.zaxxer.hikari.HikariDataSource       : HikariPool-1 - Starting...
2023-10-17 09:06:49.452  INFO 18460 --- [restartedMain] com.zaxxer.hikari.HikariDataSource       : HikariPool-1 - Start completed.
2023-10-17 09:06:49.563  INFO 18460 --- [restartedMain] liquibase.database                       : Set default schema name to public
2023-10-17 09:06:49.648  INFO 18460 --- [restartedMain] liquibase.lockservice                    : Successfully acquired change log lock
2023-10-17 09:06:50.058  INFO 18460 --- [restartedMain] liquibase.changelog                      : Reading from public.databasechangelog
2023-10-17 09:06:50.086  INFO 18460 --- [restartedMain] liquibase.lockservice                    : Successfully released change log lock
2023-10-17 09:06:50.172  INFO 18460 --- [restartedMain] o.hibernate.jpa.internal.util.LogHelper  : HHH000204: Processing PersistenceUnitInfo [name: default]
2023-10-17 09:06:50.228  INFO 18460 --- [restartedMain] org.hibernate.Version                    : HHH000412: Hibernate ORM core version 5.6.15.Final
2023-10-17 09:06:50.361  INFO 18460 --- [restartedMain] o.hibernate.annotations.common.Version   : HCANN000001: Hibernate Commons Annotations {5.1.2.Final}
2023-10-17 09:06:50.444  INFO 18460 --- [restartedMain] org.hibernate.dialect.Dialect            : HHH000400: Using dialect: org.hibernate.dialect.PostgreSQLDialect
2023-10-17 09:06:50.910  INFO 18460 --- [restartedMain] o.h.e.t.j.p.i.JtaPlatformInitiator       : HHH000490: Using JtaPlatform implementation: [org.hibernate.engine.transaction.jta.platform.internal.NoJtaPlatform]
2023-10-17 09:06:50.916  INFO 18460 --- [restartedMain] j.LocalContainerEntityManagerFactoryBean : Initialized JPA EntityManagerFactory for persistence unit 'default'
2023-10-17 09:06:51.302  WARN 18460 --- [restartedMain] JpaBaseConfiguration$JpaWebConfiguration : spring.jpa.open-in-view is enabled by default. Therefore, database queries may be performed during view rendering. Explicitly configure spring.jpa.open-in-view to disable this warning
2023-10-17 09:06:51.845  INFO 18460 --- [restartedMain] s.b.a.g.s.GraphQlWebMvcAutoConfiguration : GraphQL endpoint HTTP POST /graphql
2023-10-17 09:06:51.961  INFO 18460 --- [restartedMain] o.s.b.d.a.OptionalLiveReloadServer       : LiveReload server is running on port 35729
2023-10-17 09:06:51.987  INFO 18460 --- [restartedMain] o.s.b.w.embedded.tomcat.TomcatWebServer  : Tomcat started on port(s): 8080 (http) with context path ''
2023-10-17 09:06:51.997  INFO 18460 --- [restartedMain] t.T.TestingPostgresConnectionApplication : Started TestingPostgresConnectionApplication in 4.737 seconds (JVM running for 5.237)
2023-10-17 09:15:37.831  INFO 18460 --- [http-nio-8080-exec-1] o.a.c.c.C.[Tomcat].[localhost].[/]       : Initializing Spring DispatcherServlet 'dispatcherServlet'
2023-10-17 09:15:37.831  INFO 18460 --- [http-nio-8080-exec-1] o.s.web.servlet.DispatcherServlet        : Initializing Servlet 'dispatcherServlet'
2023-10-17 09:15:37.833  INFO 18460 --- [http-nio-8080-exec-1] o.s.web.servlet.DispatcherServlet        : Completed initialization in 2 ms
2023-10-17 13:28:23.658  WARN 18460 --- [HikariPool-1 housekeeper] com.zaxxer.hikari.pool.HikariPool        : HikariPool-1 - Thread starvation or clock leap detected (housekeeper delta=49m28s642ms552s300ns).
2023-10-17 13:33:49.002  INFO 18460 --- [SpringApplicationShutdownHook] j.LocalContainerEntityManagerFactoryBean : Closing JPA EntityManagerFactory for persistence unit 'default'
2023-10-17 13:33:49.015  INFO 18460 --- [SpringApplicationShutdownHook] com.zaxxer.hikari.HikariDataSource       : HikariPool-1 - Shutdown initiated...
2023-10-17 13:33:49.019  INFO 18460 --- [SpringApplicationShutdownHook] com.zaxxer.hikari.HikariDataSource       : HikariPool-1 - Shutdown completed.
2023-10-17 13:40:47.315  INFO 21612 --- [restartedMain] t.T.TestingPostgresConnectionApplication : Starting TestingPostgresConnectionApplication using Java 17.0.8 on LAPTOP-SKI0L2KK with PID 21612 (E:\Spring boot\Intern Viettel\TestingPostgresConnection - Copy\target\classes started by FPT in E:\Spring boot\Intern Viettel\TestingPostgresConnection - Copy)
2023-10-17 13:40:47.317  INFO 21612 --- [restartedMain] t.T.TestingPostgresConnectionApplication : The following 1 profile is active: "local"
2023-10-17 13:40:47.374  INFO 21612 --- [restartedMain] .e.DevToolsPropertyDefaultsPostProcessor : Devtools property defaults active! Set 'spring.devtools.add-properties' to 'false' to disable
2023-10-17 13:40:47.374  INFO 21612 --- [restartedMain] .e.DevToolsPropertyDefaultsPostProcessor : For additional web related logging consider setting the 'logging.level.web' property to 'DEBUG'
2023-10-17 13:40:48.119  INFO 21612 --- [restartedMain] .s.d.r.c.RepositoryConfigurationDelegate : Bootstrapping Spring Data JPA repositories in DEFAULT mode.
2023-10-17 13:40:48.275  INFO 21612 --- [restartedMain] .s.d.r.c.RepositoryConfigurationDelegate : Finished Spring Data repository scanning in 149 ms. Found 2 JPA repository interfaces.
2023-10-17 13:40:49.199  INFO 21612 --- [restartedMain] o.s.b.w.embedded.tomcat.TomcatWebServer  : Tomcat initialized with port(s): 8080 (http)
2023-10-17 13:40:49.211  INFO 21612 --- [restartedMain] o.apache.catalina.core.StandardService   : Starting service [Tomcat]
2023-10-17 13:40:49.212  INFO 21612 --- [restartedMain] org.apache.catalina.core.StandardEngine  : Starting Servlet engine: [Apache Tomcat/9.0.79]
2023-10-17 13:40:49.302  INFO 21612 --- [restartedMain] o.a.c.c.C.[Tomcat].[localhost].[/]       : Initializing Spring embedded WebApplicationContext
2023-10-17 13:40:49.303  INFO 21612 --- [restartedMain] w.s.c.ServletWebServerApplicationContext : Root WebApplicationContext: initialization completed in 1928 ms
2023-10-17 13:40:49.572  INFO 21612 --- [restartedMain] com.zaxxer.hikari.HikariDataSource       : HikariPool-1 - Starting...
2023-10-17 13:40:49.808  INFO 21612 --- [restartedMain] com.zaxxer.hikari.HikariDataSource       : HikariPool-1 - Start completed.
2023-10-17 13:40:50.025  INFO 21612 --- [restartedMain] liquibase.database                       : Set default schema name to public
2023-10-17 13:40:50.175  INFO 21612 --- [restartedMain] liquibase.lockservice                    : Successfully acquired change log lock
2023-10-17 13:40:50.781  INFO 21612 --- [restartedMain] liquibase.changelog                      : Reading from public.databasechangelog
2023-10-17 13:40:50.816  INFO 21612 --- [restartedMain] liquibase.lockservice                    : Successfully released change log lock
2023-10-17 13:40:50.931  INFO 21612 --- [restartedMain] o.hibernate.jpa.internal.util.LogHelper  : HHH000204: Processing PersistenceUnitInfo [name: default]
2023-10-17 13:40:50.990  INFO 21612 --- [restartedMain] org.hibernate.Version                    : HHH000412: Hibernate ORM core version 5.6.15.Final
2023-10-17 13:40:51.185  INFO 21612 --- [restartedMain] o.hibernate.annotations.common.Version   : HCANN000001: Hibernate Commons Annotations {5.1.2.Final}
2023-10-17 13:40:51.312  INFO 21612 --- [restartedMain] org.hibernate.dialect.Dialect            : HHH000400: Using dialect: org.hibernate.dialect.PostgreSQLDialect
2023-10-17 13:40:51.932  INFO 21612 --- [restartedMain] o.h.e.t.j.p.i.JtaPlatformInitiator       : HHH000490: Using JtaPlatform implementation: [org.hibernate.engine.transaction.jta.platform.internal.NoJtaPlatform]
2023-10-17 13:40:51.940  INFO 21612 --- [restartedMain] j.LocalContainerEntityManagerFactoryBean : Initialized JPA EntityManagerFactory for persistence unit 'default'
2023-10-17 13:40:52.315  WARN 21612 --- [restartedMain] ConfigServletWebServerApplicationContext : Exception encountered during context initialization - cancelling refresh attempt: org.springframework.beans.factory.BeanCreationException: Error creating bean with name 'usersResolver' defined in file [E:\Spring boot\Intern Viettel\TestingPostgresConnection - Copy\target\classes\com\testingPostgresConnection\TestingPostgresConnection\resolver\UsersResolver.class]: Initialization of bean failed; nested exception is java.lang.NoSuchMethodError: 'boolean org.springframework.util.ClassUtils.isLambdaClass(java.lang.Class)'
2023-10-17 13:40:52.316  INFO 21612 --- [restartedMain] j.LocalContainerEntityManagerFactoryBean : Closing JPA EntityManagerFactory for persistence unit 'default'
2023-10-17 13:40:52.318  INFO 21612 --- [restartedMain] com.zaxxer.hikari.HikariDataSource       : HikariPool-1 - Shutdown initiated...
2023-10-17 13:40:52.324  INFO 21612 --- [restartedMain] com.zaxxer.hikari.HikariDataSource       : HikariPool-1 - Shutdown completed.
2023-10-17 13:40:52.326  INFO 21612 --- [restartedMain] o.apache.catalina.core.StandardService   : Stopping service [Tomcat]
2023-10-17 13:40:52.338  INFO 21612 --- [restartedMain] ConditionEvaluationReportLoggingListener : 

Error starting ApplicationContext. To display the conditions report re-run your application with 'debug' enabled.
2023-10-17 13:40:52.357 ERROR 21612 --- [restartedMain] o.s.b.d.LoggingFailureAnalysisReporter   : 

***************************
APPLICATION FAILED TO START
***************************

Description:

An attempt was made to call a method that does not exist. The attempt was made from the following location:

    org.springframework.aop.framework.DefaultAopProxyFactory.createAopProxy(DefaultAopProxyFactory.java:64)

The following method did not exist:

    'boolean org.springframework.util.ClassUtils.isLambdaClass(java.lang.Class)'

The calling method's class, org.springframework.aop.framework.DefaultAopProxyFactory, was loaded from the following location:

    jar:file:/C:/Users/FPT/.m2/repository/org/springframework/spring-aop/5.3.29/spring-aop-5.3.29.jar!/org/springframework/aop/framework/DefaultAopProxyFactory.class

The called method's class, org.springframework.util.ClassUtils, is available from the following locations:

    jar:file:/C:/Users/FPT/.m2/repository/org/springframework/spring-core/5.3.10/spring-core-5.3.10.jar!/org/springframework/util/ClassUtils.class

The called method's class hierarchy was loaded from the following locations:

    org.springframework.util.ClassUtils: file:/C:/Users/FPT/.m2/repository/org/springframework/spring-core/5.3.10/spring-core-5.3.10.jar


Action:

Correct the classpath of your application so that it contains compatible versions of the classes org.springframework.aop.framework.DefaultAopProxyFactory and org.springframework.util.ClassUtils

2023-10-17 13:42:33.963  INFO 15300 --- [restartedMain] t.T.TestingPostgresConnectionApplication : Starting TestingPostgresConnectionApplication using Java 17.0.8 on LAPTOP-SKI0L2KK with PID 15300 (E:\Spring boot\Intern Viettel\TestingPostgresConnection - Copy\target\classes started by FPT in E:\Spring boot\Intern Viettel\TestingPostgresConnection - Copy)
2023-10-17 13:42:33.964  INFO 15300 --- [restartedMain] t.T.TestingPostgresConnectionApplication : The following 1 profile is active: "local"
2023-10-17 13:42:34.003  INFO 15300 --- [restartedMain] .e.DevToolsPropertyDefaultsPostProcessor : Devtools property defaults active! Set 'spring.devtools.add-properties' to 'false' to disable
2023-10-17 13:42:34.003  INFO 15300 --- [restartedMain] .e.DevToolsPropertyDefaultsPostProcessor : For additional web related logging consider setting the 'logging.level.web' property to 'DEBUG'
2023-10-17 13:42:34.571  INFO 15300 --- [restartedMain] .s.d.r.c.RepositoryConfigurationDelegate : Bootstrapping Spring Data JPA repositories in DEFAULT mode.
2023-10-17 13:42:34.687  INFO 15300 --- [restartedMain] .s.d.r.c.RepositoryConfigurationDelegate : Finished Spring Data repository scanning in 108 ms. Found 2 JPA repository interfaces.
2023-10-17 13:42:35.299  INFO 15300 --- [restartedMain] o.s.b.w.embedded.tomcat.TomcatWebServer  : Tomcat initialized with port(s): 8080 (http)
2023-10-17 13:42:35.308  INFO 15300 --- [restartedMain] o.apache.catalina.core.StandardService   : Starting service [Tomcat]
2023-10-17 13:42:35.308  INFO 15300 --- [restartedMain] org.apache.catalina.core.StandardEngine  : Starting Servlet engine: [Apache Tomcat/9.0.79]
2023-10-17 13:42:35.387  INFO 15300 --- [restartedMain] o.a.c.c.C.[Tomcat].[localhost].[/]       : Initializing Spring embedded WebApplicationContext
2023-10-17 13:42:35.388  INFO 15300 --- [restartedMain] w.s.c.ServletWebServerApplicationContext : Root WebApplicationContext: initialization completed in 1384 ms
2023-10-17 13:42:35.595  INFO 15300 --- [restartedMain] com.zaxxer.hikari.HikariDataSource       : HikariPool-1 - Starting...
2023-10-17 13:42:35.753  INFO 15300 --- [restartedMain] com.zaxxer.hikari.HikariDataSource       : HikariPool-1 - Start completed.
2023-10-17 13:42:35.889  INFO 15300 --- [restartedMain] liquibase.database                       : Set default schema name to public
2023-10-17 13:42:35.988  INFO 15300 --- [restartedMain] liquibase.lockservice                    : Successfully acquired change log lock
2023-10-17 13:42:36.401  INFO 15300 --- [restartedMain] liquibase.changelog                      : Reading from public.databasechangelog
2023-10-17 13:42:36.435  INFO 15300 --- [restartedMain] liquibase.lockservice                    : Successfully released change log lock
2023-10-17 13:42:36.522  INFO 15300 --- [restartedMain] o.hibernate.jpa.internal.util.LogHelper  : HHH000204: Processing PersistenceUnitInfo [name: default]
2023-10-17 13:42:36.565  INFO 15300 --- [restartedMain] org.hibernate.Version                    : HHH000412: Hibernate ORM core version 5.6.15.Final
2023-10-17 13:42:36.702  INFO 15300 --- [restartedMain] o.hibernate.annotations.common.Version   : HCANN000001: Hibernate Commons Annotations {5.1.2.Final}
2023-10-17 13:42:36.780  INFO 15300 --- [restartedMain] org.hibernate.dialect.Dialect            : HHH000400: Using dialect: org.hibernate.dialect.PostgreSQLDialect
2023-10-17 13:42:37.208  INFO 15300 --- [restartedMain] o.h.e.t.j.p.i.JtaPlatformInitiator       : HHH000490: Using JtaPlatform implementation: [org.hibernate.engine.transaction.jta.platform.internal.NoJtaPlatform]
2023-10-17 13:42:37.214  INFO 15300 --- [restartedMain] j.LocalContainerEntityManagerFactoryBean : Initialized JPA EntityManagerFactory for persistence unit 'default'
2023-10-17 13:42:37.561  WARN 15300 --- [restartedMain] JpaBaseConfiguration$JpaWebConfiguration : spring.jpa.open-in-view is enabled by default. Therefore, database queries may be performed during view rendering. Explicitly configure spring.jpa.open-in-view to disable this warning
2023-10-17 13:42:38.115  INFO 15300 --- [restartedMain] s.b.a.g.s.GraphQlWebMvcAutoConfiguration : GraphQL endpoint HTTP POST /graphql
2023-10-17 13:42:38.224  INFO 15300 --- [restartedMain] o.s.b.d.a.OptionalLiveReloadServer       : LiveReload server is running on port 35729
2023-10-17 13:42:38.254  INFO 15300 --- [restartedMain] o.s.b.w.embedded.tomcat.TomcatWebServer  : Tomcat started on port(s): 8080 (http) with context path ''
2023-10-17 13:42:38.262  INFO 15300 --- [restartedMain] t.T.TestingPostgresConnectionApplication : Started TestingPostgresConnectionApplication in 4.693 seconds (JVM running for 5.157)
2023-10-17 13:42:47.333  INFO 15300 --- [http-nio-8080-exec-1] o.a.c.c.C.[Tomcat].[localhost].[/]       : Initializing Spring DispatcherServlet 'dispatcherServlet'
2023-10-17 13:42:47.333  INFO 15300 --- [http-nio-8080-exec-1] o.s.web.servlet.DispatcherServlet        : Initializing Servlet 'dispatcherServlet'
2023-10-17 13:42:47.334  INFO 15300 --- [http-nio-8080-exec-1] o.s.web.servlet.DispatcherServlet        : Completed initialization in 1 ms
2023-10-17 13:50:21.567  INFO 15300 --- [SpringApplicationShutdownHook] j.LocalContainerEntityManagerFactoryBean : Closing JPA EntityManagerFactory for persistence unit 'default'
2023-10-17 13:50:21.570  INFO 15300 --- [SpringApplicationShutdownHook] com.zaxxer.hikari.HikariDataSource       : HikariPool-1 - Shutdown initiated...
2023-10-17 13:50:21.578  INFO 15300 --- [SpringApplicationShutdownHook] com.zaxxer.hikari.HikariDataSource       : HikariPool-1 - Shutdown completed.
2023-10-17 13:50:24.684  INFO 17280 --- [restartedMain] t.T.TestingPostgresConnectionApplication : Starting TestingPostgresConnectionApplication using Java 17.0.8 on LAPTOP-SKI0L2KK with PID 17280 (E:\Spring boot\Intern Viettel\TestingPostgresConnection - Copy\target\classes started by FPT in E:\Spring boot\Intern Viettel\TestingPostgresConnection - Copy)
2023-10-17 13:50:24.685  INFO 17280 --- [restartedMain] t.T.TestingPostgresConnectionApplication : The following 1 profile is active: "local"
2023-10-17 13:50:24.724  INFO 17280 --- [restartedMain] .e.DevToolsPropertyDefaultsPostProcessor : Devtools property defaults active! Set 'spring.devtools.add-properties' to 'false' to disable
2023-10-17 13:50:24.724  INFO 17280 --- [restartedMain] .e.DevToolsPropertyDefaultsPostProcessor : For additional web related logging consider setting the 'logging.level.web' property to 'DEBUG'
2023-10-17 13:50:25.288  INFO 17280 --- [restartedMain] .s.d.r.c.RepositoryConfigurationDelegate : Bootstrapping Spring Data JPA repositories in DEFAULT mode.
2023-10-17 13:50:25.409  INFO 17280 --- [restartedMain] .s.d.r.c.RepositoryConfigurationDelegate : Finished Spring Data repository scanning in 112 ms. Found 2 JPA repository interfaces.
2023-10-17 13:50:26.037  INFO 17280 --- [restartedMain] o.s.b.w.embedded.tomcat.TomcatWebServer  : Tomcat initialized with port(s): 8080 (http)
2023-10-17 13:50:26.046  INFO 17280 --- [restartedMain] o.apache.catalina.core.StandardService   : Starting service [Tomcat]
2023-10-17 13:50:26.046  INFO 17280 --- [restartedMain] org.apache.catalina.core.StandardEngine  : Starting Servlet engine: [Apache Tomcat/9.0.79]
2023-10-17 13:50:26.127  INFO 17280 --- [restartedMain] o.a.c.c.C.[Tomcat].[localhost].[/]       : Initializing Spring embedded WebApplicationContext
2023-10-17 13:50:26.127  INFO 17280 --- [restartedMain] w.s.c.ServletWebServerApplicationContext : Root WebApplicationContext: initialization completed in 1403 ms
2023-10-17 13:50:26.323  INFO 17280 --- [restartedMain] com.zaxxer.hikari.HikariDataSource       : HikariPool-1 - Starting...
2023-10-17 13:50:26.481  INFO 17280 --- [restartedMain] com.zaxxer.hikari.HikariDataSource       : HikariPool-1 - Start completed.
2023-10-17 13:50:26.607  INFO 17280 --- [restartedMain] liquibase.database                       : Set default schema name to public
2023-10-17 13:50:26.688  INFO 17280 --- [restartedMain] liquibase.lockservice                    : Successfully acquired change log lock
2023-10-17 13:50:27.096  INFO 17280 --- [restartedMain] liquibase.changelog                      : Reading from public.databasechangelog
2023-10-17 13:50:27.133  INFO 17280 --- [restartedMain] liquibase.lockservice                    : Successfully released change log lock
2023-10-17 13:50:27.228  INFO 17280 --- [restartedMain] o.hibernate.jpa.internal.util.LogHelper  : HHH000204: Processing PersistenceUnitInfo [name: default]
2023-10-17 13:50:27.268  INFO 17280 --- [restartedMain] org.hibernate.Version                    : HHH000412: Hibernate ORM core version 5.6.15.Final
2023-10-17 13:50:27.418  INFO 17280 --- [restartedMain] o.hibernate.annotations.common.Version   : HCANN000001: Hibernate Commons Annotations {5.1.2.Final}
2023-10-17 13:50:27.505  INFO 17280 --- [restartedMain] org.hibernate.dialect.Dialect            : HHH000400: Using dialect: org.hibernate.dialect.PostgreSQLDialect
2023-10-17 13:50:27.947  INFO 17280 --- [restartedMain] o.h.e.t.j.p.i.JtaPlatformInitiator       : HHH000490: Using JtaPlatform implementation: [org.hibernate.engine.transaction.jta.platform.internal.NoJtaPlatform]
2023-10-17 13:50:27.953  INFO 17280 --- [restartedMain] j.LocalContainerEntityManagerFactoryBean : Initialized JPA EntityManagerFactory for persistence unit 'default'
2023-10-17 13:50:28.316  WARN 17280 --- [restartedMain] JpaBaseConfiguration$JpaWebConfiguration : spring.jpa.open-in-view is enabled by default. Therefore, database queries may be performed during view rendering. Explicitly configure spring.jpa.open-in-view to disable this warning
2023-10-17 13:50:28.871  INFO 17280 --- [restartedMain] s.b.a.g.s.GraphQlWebMvcAutoConfiguration : GraphQL endpoint HTTP POST /graphql
2023-10-17 13:50:28.983  INFO 17280 --- [restartedMain] o.s.b.d.a.OptionalLiveReloadServer       : LiveReload server is running on port 35729
2023-10-17 13:50:29.016  INFO 17280 --- [restartedMain] o.s.b.w.embedded.tomcat.TomcatWebServer  : Tomcat started on port(s): 8080 (http) with context path ''
2023-10-17 13:50:29.027  INFO 17280 --- [restartedMain] t.T.TestingPostgresConnectionApplication : Started TestingPostgresConnectionApplication in 4.746 seconds (JVM running for 5.248)
2023-10-17 13:50:34.595  INFO 17280 --- [http-nio-8080-exec-1] o.a.c.c.C.[Tomcat].[localhost].[/]       : Initializing Spring DispatcherServlet 'dispatcherServlet'
2023-10-17 13:50:34.596  INFO 17280 --- [http-nio-8080-exec-1] o.s.web.servlet.DispatcherServlet        : Initializing Servlet 'dispatcherServlet'
2023-10-17 13:50:34.596  INFO 17280 --- [http-nio-8080-exec-1] o.s.web.servlet.DispatcherServlet        : Completed initialization in 0 ms
2023-10-17 13:50:40.817  INFO 17280 --- [SpringApplicationShutdownHook] j.LocalContainerEntityManagerFactoryBean : Closing JPA EntityManagerFactory for persistence unit 'default'
2023-10-17 13:50:40.819  INFO 17280 --- [SpringApplicationShutdownHook] com.zaxxer.hikari.HikariDataSource       : HikariPool-1 - Shutdown initiated...
2023-10-17 13:50:40.821  INFO 17280 --- [SpringApplicationShutdownHook] com.zaxxer.hikari.HikariDataSource       : HikariPool-1 - Shutdown completed.
2023-10-17 13:50:44.192  INFO 14192 --- [restartedMain] t.T.TestingPostgresConnectionApplication : Starting TestingPostgresConnectionApplication using Java 17.0.8 on LAPTOP-SKI0L2KK with PID 14192 (E:\Spring boot\Intern Viettel\TestingPostgresConnection - Copy\target\classes started by FPT in E:\Spring boot\Intern Viettel\TestingPostgresConnection - Copy)
2023-10-17 13:50:44.197  INFO 14192 --- [restartedMain] t.T.TestingPostgresConnectionApplication : The following 1 profile is active: "local"
2023-10-17 13:50:44.257  INFO 14192 --- [restartedMain] .e.DevToolsPropertyDefaultsPostProcessor : Devtools property defaults active! Set 'spring.devtools.add-properties' to 'false' to disable
2023-10-17 13:50:44.257  INFO 14192 --- [restartedMain] .e.DevToolsPropertyDefaultsPostProcessor : For additional web related logging consider setting the 'logging.level.web' property to 'DEBUG'
2023-10-17 13:50:44.887  INFO 14192 --- [restartedMain] .s.d.r.c.RepositoryConfigurationDelegate : Bootstrapping Spring Data JPA repositories in DEFAULT mode.
2023-10-17 13:50:45.013  INFO 14192 --- [restartedMain] .s.d.r.c.RepositoryConfigurationDelegate : Finished Spring Data repository scanning in 114 ms. Found 2 JPA repository interfaces.
2023-10-17 13:50:45.703  INFO 14192 --- [restartedMain] o.s.b.w.embedded.tomcat.TomcatWebServer  : Tomcat initialized with port(s): 8080 (http)
2023-10-17 13:50:45.715  INFO 14192 --- [restartedMain] o.apache.catalina.core.StandardService   : Starting service [Tomcat]
2023-10-17 13:50:45.716  INFO 14192 --- [restartedMain] org.apache.catalina.core.StandardEngine  : Starting Servlet engine: [Apache Tomcat/9.0.79]
2023-10-17 13:50:45.807  INFO 14192 --- [restartedMain] o.a.c.c.C.[Tomcat].[localhost].[/]       : Initializing Spring embedded WebApplicationContext
2023-10-17 13:50:45.807  INFO 14192 --- [restartedMain] w.s.c.ServletWebServerApplicationContext : Root WebApplicationContext: initialization completed in 1549 ms
2023-10-17 13:50:46.045  INFO 14192 --- [restartedMain] com.zaxxer.hikari.HikariDataSource       : HikariPool-1 - Starting...
2023-10-17 13:50:46.212  INFO 14192 --- [restartedMain] com.zaxxer.hikari.HikariDataSource       : HikariPool-1 - Start completed.
2023-10-17 13:50:46.347  INFO 14192 --- [restartedMain] liquibase.database                       : Set default schema name to public
2023-10-17 13:50:46.426  INFO 14192 --- [restartedMain] liquibase.lockservice                    : Successfully acquired change log lock
2023-10-17 13:50:46.822  INFO 14192 --- [restartedMain] liquibase.changelog                      : Reading from public.databasechangelog
2023-10-17 13:50:46.853  INFO 14192 --- [restartedMain] liquibase.lockservice                    : Successfully released change log lock
2023-10-17 13:50:46.941  INFO 14192 --- [restartedMain] o.hibernate.jpa.internal.util.LogHelper  : HHH000204: Processing PersistenceUnitInfo [name: default]
2023-10-17 13:50:46.977  INFO 14192 --- [restartedMain] org.hibernate.Version                    : HHH000412: Hibernate ORM core version 5.6.15.Final
2023-10-17 13:50:47.118  INFO 14192 --- [restartedMain] o.hibernate.annotations.common.Version   : HCANN000001: Hibernate Commons Annotations {5.1.2.Final}
2023-10-17 13:50:47.208  INFO 14192 --- [restartedMain] org.hibernate.dialect.Dialect            : HHH000400: Using dialect: org.hibernate.dialect.PostgreSQLDialect
2023-10-17 13:50:47.677  INFO 14192 --- [restartedMain] o.h.e.t.j.p.i.JtaPlatformInitiator       : HHH000490: Using JtaPlatform implementation: [org.hibernate.engine.transaction.jta.platform.internal.NoJtaPlatform]
2023-10-17 13:50:47.684  INFO 14192 --- [restartedMain] j.LocalContainerEntityManagerFactoryBean : Initialized JPA EntityManagerFactory for persistence unit 'default'
2023-10-17 13:50:48.053  WARN 14192 --- [restartedMain] JpaBaseConfiguration$JpaWebConfiguration : spring.jpa.open-in-view is enabled by default. Therefore, database queries may be performed during view rendering. Explicitly configure spring.jpa.open-in-view to disable this warning
2023-10-17 13:50:48.640  INFO 14192 --- [restartedMain] s.b.a.g.s.GraphQlWebMvcAutoConfiguration : GraphQL endpoint HTTP POST /graphql
2023-10-17 13:50:48.746  INFO 14192 --- [restartedMain] o.s.b.d.a.OptionalLiveReloadServer       : LiveReload server is running on port 35729
2023-10-17 13:50:48.771  INFO 14192 --- [restartedMain] o.s.b.w.embedded.tomcat.TomcatWebServer  : Tomcat started on port(s): 8080 (http) with context path ''
2023-10-17 13:50:48.782  INFO 14192 --- [restartedMain] t.T.TestingPostgresConnectionApplication : Started TestingPostgresConnectionApplication in 5.057 seconds (JVM running for 5.587)
2023-10-17 14:02:40.446  INFO 14192 --- [SpringApplicationShutdownHook] j.LocalContainerEntityManagerFactoryBean : Closing JPA EntityManagerFactory for persistence unit 'default'
2023-10-17 14:02:40.449  INFO 14192 --- [SpringApplicationShutdownHook] com.zaxxer.hikari.HikariDataSource       : HikariPool-1 - Shutdown initiated...
2023-10-17 14:02:40.451  INFO 14192 --- [SpringApplicationShutdownHook] com.zaxxer.hikari.HikariDataSource       : HikariPool-1 - Shutdown completed.
2023-10-17 14:02:43.580  INFO 20560 --- [restartedMain] t.T.TestingPostgresConnectionApplication : Starting TestingPostgresConnectionApplication using Java 17.0.8 on LAPTOP-SKI0L2KK with PID 20560 (E:\Spring boot\Intern Viettel\TestingPostgresConnection - Copy\target\classes started by FPT in E:\Spring boot\Intern Viettel\TestingPostgresConnection - Copy)
2023-10-17 14:02:43.581  INFO 20560 --- [restartedMain] t.T.TestingPostgresConnectionApplication : The following 1 profile is active: "local"
2023-10-17 14:02:43.618  INFO 20560 --- [restartedMain] .e.DevToolsPropertyDefaultsPostProcessor : Devtools property defaults active! Set 'spring.devtools.add-properties' to 'false' to disable
2023-10-17 14:02:43.619  INFO 20560 --- [restartedMain] .e.DevToolsPropertyDefaultsPostProcessor : For additional web related logging consider setting the 'logging.level.web' property to 'DEBUG'
2023-10-17 14:02:44.161  INFO 20560 --- [restartedMain] .s.d.r.c.RepositoryConfigurationDelegate : Bootstrapping Spring Data JPA repositories in DEFAULT mode.
2023-10-17 14:02:44.284  INFO 20560 --- [restartedMain] .s.d.r.c.RepositoryConfigurationDelegate : Finished Spring Data repository scanning in 114 ms. Found 2 JPA repository interfaces.
2023-10-17 14:02:44.863  INFO 20560 --- [restartedMain] o.s.b.w.embedded.tomcat.TomcatWebServer  : Tomcat initialized with port(s): 8080 (http)
2023-10-17 14:02:44.873  INFO 20560 --- [restartedMain] o.apache.catalina.core.StandardService   : Starting service [Tomcat]
2023-10-17 14:02:44.873  INFO 20560 --- [restartedMain] org.apache.catalina.core.StandardEngine  : Starting Servlet engine: [Apache Tomcat/9.0.79]
2023-10-17 14:02:44.955  INFO 20560 --- [restartedMain] o.a.c.c.C.[Tomcat].[localhost].[/]       : Initializing Spring embedded WebApplicationContext
2023-10-17 14:02:44.955  INFO 20560 --- [restartedMain] w.s.c.ServletWebServerApplicationContext : Root WebApplicationContext: initialization completed in 1336 ms
2023-10-17 14:02:45.155  INFO 20560 --- [restartedMain] com.zaxxer.hikari.HikariDataSource       : HikariPool-1 - Starting...
2023-10-17 14:02:45.310  INFO 20560 --- [restartedMain] com.zaxxer.hikari.HikariDataSource       : HikariPool-1 - Start completed.
2023-10-17 14:02:45.443  INFO 20560 --- [restartedMain] liquibase.database                       : Set default schema name to public
2023-10-17 14:02:45.513  INFO 20560 --- [restartedMain] liquibase.lockservice                    : Successfully acquired change log lock
2023-10-17 14:02:45.920  INFO 20560 --- [restartedMain] liquibase.changelog                      : Reading from public.databasechangelog
2023-10-17 14:02:45.951  INFO 20560 --- [restartedMain] liquibase.lockservice                    : Successfully released change log lock
2023-10-17 14:02:46.031  INFO 20560 --- [restartedMain] o.hibernate.jpa.internal.util.LogHelper  : HHH000204: Processing PersistenceUnitInfo [name: default]
2023-10-17 14:02:46.075  INFO 20560 --- [restartedMain] org.hibernate.Version                    : HHH000412: Hibernate ORM core version 5.6.15.Final
2023-10-17 14:02:46.209  INFO 20560 --- [restartedMain] o.hibernate.annotations.common.Version   : HCANN000001: Hibernate Commons Annotations {5.1.2.Final}
2023-10-17 14:02:46.294  INFO 20560 --- [restartedMain] org.hibernate.dialect.Dialect            : HHH000400: Using dialect: org.hibernate.dialect.PostgreSQLDialect
2023-10-17 14:02:46.735  INFO 20560 --- [restartedMain] o.h.e.t.j.p.i.JtaPlatformInitiator       : HHH000490: Using JtaPlatform implementation: [org.hibernate.engine.transaction.jta.platform.internal.NoJtaPlatform]
2023-10-17 14:02:46.742  INFO 20560 --- [restartedMain] j.LocalContainerEntityManagerFactoryBean : Initialized JPA EntityManagerFactory for persistence unit 'default'
2023-10-17 14:02:47.090  WARN 20560 --- [restartedMain] ConfigServletWebServerApplicationContext : Exception encountered during context initialization - cancelling refresh attempt: org.springframework.beans.factory.BeanCreationException: Error creating bean with name 'userService' defined in file [E:\Spring boot\Intern Viettel\TestingPostgresConnection - Copy\target\classes\com\testingPostgresConnection\TestingPostgresConnection\Service\UserService.class]: Initialization of bean failed; nested exception is java.lang.NoSuchMethodError: 'boolean org.springframework.util.ClassUtils.isLambdaClass(java.lang.Class)'
2023-10-17 14:02:47.090  INFO 20560 --- [restartedMain] j.LocalContainerEntityManagerFactoryBean : Closing JPA EntityManagerFactory for persistence unit 'default'
2023-10-17 14:02:47.092  INFO 20560 --- [restartedMain] com.zaxxer.hikari.HikariDataSource       : HikariPool-1 - Shutdown initiated...
2023-10-17 14:02:47.096  INFO 20560 --- [restartedMain] com.zaxxer.hikari.HikariDataSource       : HikariPool-1 - Shutdown completed.
2023-10-17 14:02:47.100  INFO 20560 --- [restartedMain] o.apache.catalina.core.StandardService   : Stopping service [Tomcat]
2023-10-17 14:02:47.110  INFO 20560 --- [restartedMain] ConditionEvaluationReportLoggingListener : 

Error starting ApplicationContext. To display the conditions report re-run your application with 'debug' enabled.
2023-10-17 14:02:47.129 ERROR 20560 --- [restartedMain] o.s.b.d.LoggingFailureAnalysisReporter   : 

***************************
APPLICATION FAILED TO START
***************************

Description:

An attempt was made to call a method that does not exist. The attempt was made from the following location:

    org.springframework.aop.framework.DefaultAopProxyFactory.createAopProxy(DefaultAopProxyFactory.java:64)

The following method did not exist:

    'boolean org.springframework.util.ClassUtils.isLambdaClass(java.lang.Class)'

The calling method's class, org.springframework.aop.framework.DefaultAopProxyFactory, was loaded from the following location:

    jar:file:/C:/Users/FPT/.m2/repository/org/springframework/spring-aop/5.3.29/spring-aop-5.3.29.jar!/org/springframework/aop/framework/DefaultAopProxyFactory.class

The called method's class, org.springframework.util.ClassUtils, is available from the following locations:

    jar:file:/C:/Users/FPT/.m2/repository/org/springframework/spring-core/5.3.10/spring-core-5.3.10.jar!/org/springframework/util/ClassUtils.class

The called method's class hierarchy was loaded from the following locations:

    org.springframework.util.ClassUtils: file:/C:/Users/FPT/.m2/repository/org/springframework/spring-core/5.3.10/spring-core-5.3.10.jar


Action:

Correct the classpath of your application so that it contains compatible versions of the classes org.springframework.aop.framework.DefaultAopProxyFactory and org.springframework.util.ClassUtils

